feature/contact/build/intermediates/manifest_merge_blame_file/devDebug/processDevDebugManifest/manifest-merger-blame-dev-debug-report.txt
1<?xml version="1.0" encoding="utf-8"?>
2<manifest xmlns:android="http://schemas.android.com/apk/res/android"
3    package="com.seanchen.xinchat.feature.contact" >
4
5    <uses-sdk android:minSdkVersion="23" />
5-->INJECTED
5-->INJECTED
6
7</manifest>